<?xml version="1.0" encoding="UTF-8"?>
<testsuite xmlns:xsi="http://www.w3.org/2001/XMLSchema-instance" xsi:noNamespaceSchemaLocation="https://maven.apache.org/surefire/maven-surefire-plugin/xsd/surefire-test-report.xsd" name="versionworkflow.LoanProcessingWorkflowTest" time="0.643" tests="1" errors="0" skipped="0" failures="0">
  <properties>
    <property name="java.specification.version" value="20"/>
    <property name="sun.jnu.encoding" value="UTF-8"/>
    <property name="java.class.path" value="/Users/masonegger/Code/Temporal/edu-102-java-code/exercises/version-workflow/solution/versionworkflow/target/test-classes:/Users/masonegger/Code/Temporal/edu-102-java-code/exercises/version-workflow/solution/versionworkflow/target/classes:/Users/masonegger/.m2/repository/io/temporal/temporal-sdk/1.20.1/temporal-sdk-1.20.1.jar:/Users/masonegger/.m2/repository/io/temporal/temporal-serviceclient/1.20.1/temporal-serviceclient-1.20.1.jar:/Users/masonegger/.m2/repository/io/grpc/grpc-api/1.54.1/grpc-api-1.54.1.jar:/Users/masonegger/.m2/repository/io/grpc/grpc-context/1.54.1/grpc-context-1.54.1.jar:/Users/masonegger/.m2/repository/io/grpc/grpc-stub/1.54.1/grpc-stub-1.54.1.jar:/Users/masonegger/.m2/repository/io/grpc/grpc-netty-shaded/1.54.1/grpc-netty-shaded-1.54.1.jar:/Users/masonegger/.m2/repository/io/perfmark/perfmark-api/0.25.0/perfmark-api-0.25.0.jar:/Users/masonegger/.m2/repository/io/grpc/grpc-core/1.54.1/grpc-core-1.54.1.jar:/Users/masonegger/.m2/repository/com/google/android/annotations/4.1.1.4/annotations-4.1.1.4.jar:/Users/masonegger/.m2/repository/org/codehaus/mojo/animal-sniffer-annotations/1.21/animal-sniffer-annotations-1.21.jar:/Users/masonegger/.m2/repository/io/grpc/grpc-services/1.54.1/grpc-services-1.54.1.jar:/Users/masonegger/.m2/repository/io/grpc/grpc-protobuf/1.54.1/grpc-protobuf-1.54.1.jar:/Users/masonegger/.m2/repository/com/google/protobuf/protobuf-java/3.21.7/protobuf-java-3.21.7.jar:/Users/masonegger/.m2/repository/com/google/api/grpc/proto-google-common-protos/2.9.0/proto-google-common-protos-2.9.0.jar:/Users/masonegger/.m2/repository/io/grpc/grpc-protobuf-lite/1.54.1/grpc-protobuf-lite-1.54.1.jar:/Users/masonegger/.m2/repository/com/google/protobuf/protobuf-java-util/3.22.0/protobuf-java-util-3.22.0.jar:/Users/masonegger/.m2/repository/com/uber/m3/tally-core/0.13.0/tally-core-0.13.0.jar:/Users/masonegger/.m2/repository/com/google/code/gson/gson/2.10.1/gson-2.10.1.jar:/Users/masonegger/.m2/repository/io/micrometer/micrometer-core/1.9.9/micrometer-core-1.9.9.jar:/Users/masonegger/.m2/repository/org/hdrhistogram/HdrHistogram/2.1.12/HdrHistogram-2.1.12.jar:/Users/masonegger/.m2/repository/org/latencyutils/LatencyUtils/2.0.3/LatencyUtils-2.0.3.jar:/Users/masonegger/.m2/repository/com/fasterxml/jackson/core/jackson-databind/2.14.2/jackson-databind-2.14.2.jar:/Users/masonegger/.m2/repository/com/fasterxml/jackson/core/jackson-annotations/2.14.2/jackson-annotations-2.14.2.jar:/Users/masonegger/.m2/repository/com/fasterxml/jackson/core/jackson-core/2.14.2/jackson-core-2.14.2.jar:/Users/masonegger/.m2/repository/com/google/guava/guava/31.1-jre/guava-31.1-jre.jar:/Users/masonegger/.m2/repository/com/google/guava/failureaccess/1.0.1/failureaccess-1.0.1.jar:/Users/masonegger/.m2/repository/com/google/guava/listenablefuture/9999.0-empty-to-avoid-conflict-with-guava/listenablefuture-9999.0-empty-to-avoid-conflict-with-guava.jar:/Users/masonegger/.m2/repository/com/google/code/findbugs/jsr305/3.0.2/jsr305-3.0.2.jar:/Users/masonegger/.m2/repository/org/checkerframework/checker-qual/3.12.0/checker-qual-3.12.0.jar:/Users/masonegger/.m2/repository/com/google/errorprone/error_prone_annotations/2.11.0/error_prone_annotations-2.11.0.jar:/Users/masonegger/.m2/repository/com/google/j2objc/j2objc-annotations/1.3/j2objc-annotations-1.3.jar:/Users/masonegger/.m2/repository/com/fasterxml/jackson/datatype/jackson-datatype-jsr310/2.14.2/jackson-datatype-jsr310-2.14.2.jar:/Users/masonegger/.m2/repository/com/fasterxml/jackson/datatype/jackson-datatype-jdk8/2.14.2/jackson-datatype-jdk8-2.14.2.jar:/Users/masonegger/.m2/repository/ch/qos/logback/logback-classic/1.4.8/logback-classic-1.4.8.jar:/Users/masonegger/.m2/repository/ch/qos/logback/logback-core/1.4.8/logback-core-1.4.8.jar:/Users/masonegger/.m2/repository/org/slf4j/slf4j-api/2.0.7/slf4j-api-2.0.7.jar:/Users/masonegger/.m2/repository/org/apache/commons/commons-lang3/3.11/commons-lang3-3.11.jar:/Users/masonegger/.m2/repository/io/temporal/temporal-testing/1.20.1/temporal-testing-1.20.1.jar:/Users/masonegger/.m2/repository/io/temporal/temporal-test-server/1.20.1/temporal-test-server-1.20.1.jar:/Users/masonegger/.m2/repository/com/cronutils/cron-utils/9.2.1/cron-utils-9.2.1.jar:/Users/masonegger/.m2/repository/com/jayway/jsonpath/json-path/2.8.0/json-path-2.8.0.jar:/Users/masonegger/.m2/repository/net/minidev/json-smart/2.4.10/json-smart-2.4.10.jar:/Users/masonegger/.m2/repository/net/minidev/accessors-smart/2.4.9/accessors-smart-2.4.9.jar:/Users/masonegger/.m2/repository/org/ow2/asm/asm/9.3/asm-9.3.jar:/Users/masonegger/.m2/repository/org/junit/jupiter/junit-jupiter/5.5.2/junit-jupiter-5.5.2.jar:/Users/masonegger/.m2/repository/org/junit/jupiter/junit-jupiter-api/5.5.2/junit-jupiter-api-5.5.2.jar:/Users/masonegger/.m2/repository/org/apiguardian/apiguardian-api/1.1.0/apiguardian-api-1.1.0.jar:/Users/masonegger/.m2/repository/org/opentest4j/opentest4j/1.2.0/opentest4j-1.2.0.jar:/Users/masonegger/.m2/repository/org/junit/platform/junit-platform-commons/1.5.2/junit-platform-commons-1.5.2.jar:/Users/masonegger/.m2/repository/org/junit/jupiter/junit-jupiter-params/5.5.2/junit-jupiter-params-5.5.2.jar:/Users/masonegger/.m2/repository/org/junit/jupiter/junit-jupiter-engine/5.5.2/junit-jupiter-engine-5.5.2.jar:/Users/masonegger/.m2/repository/org/junit/platform/junit-platform-engine/1.5.2/junit-platform-engine-1.5.2.jar:/Users/masonegger/.m2/repository/org/mockito/mockito-junit-jupiter/5.3.1/mockito-junit-jupiter-5.3.1.jar:/Users/masonegger/.m2/repository/org/mockito/mockito-core/5.1.1/mockito-core-5.1.1.jar:/Users/masonegger/.m2/repository/net/bytebuddy/byte-buddy/1.12.22/byte-buddy-1.12.22.jar:/Users/masonegger/.m2/repository/net/bytebuddy/byte-buddy-agent/1.12.22/byte-buddy-agent-1.12.22.jar:/Users/masonegger/.m2/repository/org/objenesis/objenesis/3.3/objenesis-3.3.jar:"/>
    <property name="java.vm.vendor" value="Oracle Corporation"/>
    <property name="sun.arch.data.model" value="64"/>
    <property name="java.vendor.url" value="https://java.oracle.com/"/>
    <property name="os.name" value="Mac OS X"/>
    <property name="java.vm.specification.version" value="20"/>
    <property name="sun.java.launcher" value="SUN_STANDARD"/>
    <property name="user.country" value="US"/>
    <property name="sun.boot.library.path" value="/Users/masonegger/OpenJDK/jdk-20.0.2.jdk/Contents/Home/lib"/>
    <property name="sun.java.command" value="/Users/masonegger/Code/Temporal/edu-102-java-code/exercises/version-workflow/solution/versionworkflow/target/surefire/surefirebooter16080473927843810426.jar /Users/masonegger/Code/Temporal/edu-102-java-code/exercises/version-workflow/solution/versionworkflow/target/surefire 2023-09-27T11-36-35_228-jvmRun1 surefire11100037742875456804tmp surefire_0436033983161695764tmp"/>
    <property name="http.nonProxyHosts" value="local|*.local|169.254/16|*.169.254/16"/>
    <property name="jdk.debug" value="release"/>
    <property name="surefire.test.class.path" value="/Users/masonegger/Code/Temporal/edu-102-java-code/exercises/version-workflow/solution/versionworkflow/target/test-classes:/Users/masonegger/Code/Temporal/edu-102-java-code/exercises/version-workflow/solution/versionworkflow/target/classes:/Users/masonegger/.m2/repository/io/temporal/temporal-sdk/1.20.1/temporal-sdk-1.20.1.jar:/Users/masonegger/.m2/repository/io/temporal/temporal-serviceclient/1.20.1/temporal-serviceclient-1.20.1.jar:/Users/masonegger/.m2/repository/io/grpc/grpc-api/1.54.1/grpc-api-1.54.1.jar:/Users/masonegger/.m2/repository/io/grpc/grpc-context/1.54.1/grpc-context-1.54.1.jar:/Users/masonegger/.m2/repository/io/grpc/grpc-stub/1.54.1/grpc-stub-1.54.1.jar:/Users/masonegger/.m2/repository/io/grpc/grpc-netty-shaded/1.54.1/grpc-netty-shaded-1.54.1.jar:/Users/masonegger/.m2/repository/io/perfmark/perfmark-api/0.25.0/perfmark-api-0.25.0.jar:/Users/masonegger/.m2/repository/io/grpc/grpc-core/1.54.1/grpc-core-1.54.1.jar:/Users/masonegger/.m2/repository/com/google/android/annotations/4.1.1.4/annotations-4.1.1.4.jar:/Users/masonegger/.m2/repository/org/codehaus/mojo/animal-sniffer-annotations/1.21/animal-sniffer-annotations-1.21.jar:/Users/masonegger/.m2/repository/io/grpc/grpc-services/1.54.1/grpc-services-1.54.1.jar:/Users/masonegger/.m2/repository/io/grpc/grpc-protobuf/1.54.1/grpc-protobuf-1.54.1.jar:/Users/masonegger/.m2/repository/com/google/protobuf/protobuf-java/3.21.7/protobuf-java-3.21.7.jar:/Users/masonegger/.m2/repository/com/google/api/grpc/proto-google-common-protos/2.9.0/proto-google-common-protos-2.9.0.jar:/Users/masonegger/.m2/repository/io/grpc/grpc-protobuf-lite/1.54.1/grpc-protobuf-lite-1.54.1.jar:/Users/masonegger/.m2/repository/com/google/protobuf/protobuf-java-util/3.22.0/protobuf-java-util-3.22.0.jar:/Users/masonegger/.m2/repository/com/uber/m3/tally-core/0.13.0/tally-core-0.13.0.jar:/Users/masonegger/.m2/repository/com/google/code/gson/gson/2.10.1/gson-2.10.1.jar:/Users/masonegger/.m2/repository/io/micrometer/micrometer-core/1.9.9/micrometer-core-1.9.9.jar:/Users/masonegger/.m2/repository/org/hdrhistogram/HdrHistogram/2.1.12/HdrHistogram-2.1.12.jar:/Users/masonegger/.m2/repository/org/latencyutils/LatencyUtils/2.0.3/LatencyUtils-2.0.3.jar:/Users/masonegger/.m2/repository/com/fasterxml/jackson/core/jackson-databind/2.14.2/jackson-databind-2.14.2.jar:/Users/masonegger/.m2/repository/com/fasterxml/jackson/core/jackson-annotations/2.14.2/jackson-annotations-2.14.2.jar:/Users/masonegger/.m2/repository/com/fasterxml/jackson/core/jackson-core/2.14.2/jackson-core-2.14.2.jar:/Users/masonegger/.m2/repository/com/google/guava/guava/31.1-jre/guava-31.1-jre.jar:/Users/masonegger/.m2/repository/com/google/guava/failureaccess/1.0.1/failureaccess-1.0.1.jar:/Users/masonegger/.m2/repository/com/google/guava/listenablefuture/9999.0-empty-to-avoid-conflict-with-guava/listenablefuture-9999.0-empty-to-avoid-conflict-with-guava.jar:/Users/masonegger/.m2/repository/com/google/code/findbugs/jsr305/3.0.2/jsr305-3.0.2.jar:/Users/masonegger/.m2/repository/org/checkerframework/checker-qual/3.12.0/checker-qual-3.12.0.jar:/Users/masonegger/.m2/repository/com/google/errorprone/error_prone_annotations/2.11.0/error_prone_annotations-2.11.0.jar:/Users/masonegger/.m2/repository/com/google/j2objc/j2objc-annotations/1.3/j2objc-annotations-1.3.jar:/Users/masonegger/.m2/repository/com/fasterxml/jackson/datatype/jackson-datatype-jsr310/2.14.2/jackson-datatype-jsr310-2.14.2.jar:/Users/masonegger/.m2/repository/com/fasterxml/jackson/datatype/jackson-datatype-jdk8/2.14.2/jackson-datatype-jdk8-2.14.2.jar:/Users/masonegger/.m2/repository/ch/qos/logback/logback-classic/1.4.8/logback-classic-1.4.8.jar:/Users/masonegger/.m2/repository/ch/qos/logback/logback-core/1.4.8/logback-core-1.4.8.jar:/Users/masonegger/.m2/repository/org/slf4j/slf4j-api/2.0.7/slf4j-api-2.0.7.jar:/Users/masonegger/.m2/repository/org/apache/commons/commons-lang3/3.11/commons-lang3-3.11.jar:/Users/masonegger/.m2/repository/io/temporal/temporal-testing/1.20.1/temporal-testing-1.20.1.jar:/Users/masonegger/.m2/repository/io/temporal/temporal-test-server/1.20.1/temporal-test-server-1.20.1.jar:/Users/masonegger/.m2/repository/com/cronutils/cron-utils/9.2.1/cron-utils-9.2.1.jar:/Users/masonegger/.m2/repository/com/jayway/jsonpath/json-path/2.8.0/json-path-2.8.0.jar:/Users/masonegger/.m2/repository/net/minidev/json-smart/2.4.10/json-smart-2.4.10.jar:/Users/masonegger/.m2/repository/net/minidev/accessors-smart/2.4.9/accessors-smart-2.4.9.jar:/Users/masonegger/.m2/repository/org/ow2/asm/asm/9.3/asm-9.3.jar:/Users/masonegger/.m2/repository/org/junit/jupiter/junit-jupiter/5.5.2/junit-jupiter-5.5.2.jar:/Users/masonegger/.m2/repository/org/junit/jupiter/junit-jupiter-api/5.5.2/junit-jupiter-api-5.5.2.jar:/Users/masonegger/.m2/repository/org/apiguardian/apiguardian-api/1.1.0/apiguardian-api-1.1.0.jar:/Users/masonegger/.m2/repository/org/opentest4j/opentest4j/1.2.0/opentest4j-1.2.0.jar:/Users/masonegger/.m2/repository/org/junit/platform/junit-platform-commons/1.5.2/junit-platform-commons-1.5.2.jar:/Users/masonegger/.m2/repository/org/junit/jupiter/junit-jupiter-params/5.5.2/junit-jupiter-params-5.5.2.jar:/Users/masonegger/.m2/repository/org/junit/jupiter/junit-jupiter-engine/5.5.2/junit-jupiter-engine-5.5.2.jar:/Users/masonegger/.m2/repository/org/junit/platform/junit-platform-engine/1.5.2/junit-platform-engine-1.5.2.jar:/Users/masonegger/.m2/repository/org/mockito/mockito-junit-jupiter/5.3.1/mockito-junit-jupiter-5.3.1.jar:/Users/masonegger/.m2/repository/org/mockito/mockito-core/5.1.1/mockito-core-5.1.1.jar:/Users/masonegger/.m2/repository/net/bytebuddy/byte-buddy/1.12.22/byte-buddy-1.12.22.jar:/Users/masonegger/.m2/repository/net/bytebuddy/byte-buddy-agent/1.12.22/byte-buddy-agent-1.12.22.jar:/Users/masonegger/.m2/repository/org/objenesis/objenesis/3.3/objenesis-3.3.jar:"/>
    <property name="sun.cpu.endian" value="little"/>
    <property name="user.home" value="/Users/masonegger"/>
    <property name="user.language" value="en"/>
    <property name="java.specification.vendor" value="Oracle Corporation"/>
    <property name="java.version.date" value="2023-07-18"/>
    <property name="java.home" value="/Users/masonegger/OpenJDK/jdk-20.0.2.jdk/Contents/Home"/>
    <property name="file.separator" value="/"/>
    <property name="basedir" value="/Users/masonegger/Code/Temporal/edu-102-java-code/exercises/version-workflow/solution/versionworkflow"/>
    <property name="java.vm.compressedOopsMode" value="Zero based"/>
    <property name="line.separator" value="&#10;"/>
    <property name="java.vm.specification.vendor" value="Oracle Corporation"/>
    <property name="java.specification.name" value="Java Platform API Specification"/>
    <property name="apple.awt.application.name" value="ForkedBooter"/>
    <property name="surefire.real.class.path" value="/Users/masonegger/Code/Temporal/edu-102-java-code/exercises/version-workflow/solution/versionworkflow/target/surefire/surefirebooter16080473927843810426.jar"/>
    <property name="sun.management.compiler" value="HotSpot 64-Bit Tiered Compilers"/>
    <property name="ftp.nonProxyHosts" value="local|*.local|169.254/16|*.169.254/16"/>
    <property name="java.runtime.version" value="20.0.2+9-78"/>
    <property name="user.name" value="masonegger"/>
    <property name="stdout.encoding" value="UTF-8"/>
    <property name="path.separator" value=":"/>
    <property name="os.version" value="13.5.2"/>
    <property name="java.runtime.name" value="OpenJDK Runtime Environment"/>
    <property name="file.encoding" value="UTF-8"/>
    <property name="java.vm.name" value="OpenJDK 64-Bit Server VM"/>
    <property name="localRepository" value="/Users/masonegger/.m2/repository"/>
    <property name="java.vendor.url.bug" value="https://bugreport.java.com/bugreport/"/>
    <property name="java.io.tmpdir" value="/var/folders/mv/sv05lhhs42b8ppvmh07z43dc0000gn/T/"/>
    <property name="java.version" value="20.0.2"/>
    <property name="user.dir" value="/Users/masonegger/Code/Temporal/edu-102-java-code/exercises/version-workflow/solution/versionworkflow"/>
    <property name="os.arch" value="aarch64"/>
    <property name="java.vm.specification.name" value="Java Virtual Machine Specification"/>
    <property name="native.encoding" value="UTF-8"/>
    <property name="java.library.path" value="/Users/masonegger/Library/Java/Extensions:/Library/Java/Extensions:/Network/Library/Java/Extensions:/System/Library/Java/Extensions:/usr/lib/java:."/>
    <property name="java.vm.info" value="mixed mode, sharing"/>
    <property name="stderr.encoding" value="UTF-8"/>
    <property name="java.vendor" value="Oracle Corporation"/>
    <property name="java.vm.version" value="20.0.2+9-78"/>
    <property name="sun.io.unicode.encoding" value="UnicodeBig"/>
    <property name="socksNonProxyHosts" value="local|*.local|169.254/16|*.169.254/16"/>
    <property name="java.class.version" value="64.0"/>
  </properties>
  <testcase name="testSuccessfulReplay{TestWorkflowEnvironment, Worker, LoanProcessingWorkflow}" classname="versionworkflow.LoanProcessingWorkflowTest" time="0.643"/>
</testsuite>